  CW1-3016.cpp
C:\Uni stuff\Year 3\Comp 3016\CourseWork\3016-CW1\CW1-3016\CW1-3016\CW1-3016.cpp(518,20): warning C4244: '=': conversion from 'int' to 'float', possible loss of data
C:\Uni stuff\Year 3\Comp 3016\CourseWork\3016-CW1\CW1-3016\CW1-3016\CW1-3016.cpp(518,47): warning C4244: '=': conversion from 'int' to 'float', possible loss of data
C:\Uni stuff\Year 3\Comp 3016\CourseWork\3016-CW1\CW1-3016\CW1-3016\CW1-3016.cpp(518,93): warning C4244: '=': conversion from 'int' to 'float', possible loss of data
C:\Uni stuff\Year 3\Comp 3016\CourseWork\3016-CW1\CW1-3016\CW1-3016\CW1-3016.cpp(518,133): warning C4244: '=': conversion from 'int' to 'float', possible loss of data
C:\Uni stuff\Year 3\Comp 3016\CourseWork\3016-CW1\CW1-3016\CW1-3016\CW1-3016.cpp(529,20): warning C4244: '=': conversion from 'int' to 'float', possible loss of data
C:\Uni stuff\Year 3\Comp 3016\CourseWork\3016-CW1\CW1-3016\CW1-3016\CW1-3016.cpp(529,47): warning C4244: '=': conversion from 'int' to 'float', possible loss of data
C:\Uni stuff\Year 3\Comp 3016\CourseWork\3016-CW1\CW1-3016\CW1-3016\CW1-3016.cpp(532,35): warning C4244: '=': conversion from 'int' to 'float', possible loss of data
C:\Uni stuff\Year 3\Comp 3016\CourseWork\3016-CW1\CW1-3016\CW1-3016\CW1-3016.cpp(539,43): warning C4244: '=': conversion from 'int' to 'float', possible loss of data
C:\Uni stuff\Year 3\Comp 3016\CourseWork\3016-CW1\CW1-3016\CW1-3016\CW1-3016.cpp(547,43): warning C4244: '=': conversion from 'int' to 'float', possible loss of data
C:\Uni stuff\Year 3\Comp 3016\CourseWork\3016-CW1\CW1-3016\CW1-3016\CW1-3016.cpp(571,47): warning C4244: '=': conversion from 'int' to 'float', possible loss of data
C:\Uni stuff\Year 3\Comp 3016\CourseWork\3016-CW1\CW1-3016\CW1-3016\CW1-3016.cpp(571,94): warning C4244: '=': conversion from 'int' to 'float', possible loss of data
C:\Uni stuff\Year 3\Comp 3016\CourseWork\3016-CW1\CW1-3016\CW1-3016\CW1-3016.cpp(571,140): warning C4244: '=': conversion from 'int' to 'float', possible loss of data
C:\Uni stuff\Year 3\Comp 3016\CourseWork\3016-CW1\CW1-3016\CW1-3016\CW1-3016.cpp(604,15): warning C4101: 'Slash': unreferenced local variable
C:\Uni stuff\Year 3\Comp 3016\CourseWork\3016-CW1\CW1-3016\CW1-3016\CW1-3016.cpp(697,77): warning C4838: conversion from 'unsigned __int64' to 'float' requires a narrowing conversion
C:\Uni stuff\Year 3\Comp 3016\CourseWork\3016-CW1\CW1-3016\CW1-3016\CW1-3016.cpp(697,77): warning C4244: 'initializing': conversion from 'unsigned __int64' to 'float', possible loss of data
C:\Uni stuff\Year 3\Comp 3016\CourseWork\3016-CW1\CW1-3016\CW1-3016\CW1-3016.cpp(704,73): warning C4838: conversion from 'unsigned __int64' to 'float' requires a narrowing conversion
C:\Uni stuff\Year 3\Comp 3016\CourseWork\3016-CW1\CW1-3016\CW1-3016\CW1-3016.cpp(704,73): warning C4244: 'initializing': conversion from 'unsigned __int64' to 'float', possible loss of data
C:\Uni stuff\Year 3\Comp 3016\CourseWork\3016-CW1\CW1-3016\CW1-3016\CW1-3016.cpp(691,21): warning C4101: 'dstrect': unreferenced local variable
C:\Uni stuff\Year 3\Comp 3016\CourseWork\3016-CW1\CW1-3016\CW1-3016\CW1-3016.cpp(711,47): warning C4244: '=': conversion from 'int' to 'float', possible loss of data
C:\Uni stuff\Year 3\Comp 3016\CourseWork\3016-CW1\CW1-3016\CW1-3016\CW1-3016.cpp(711,64): warning C4244: '=': conversion from 'int' to 'float', possible loss of data
C:\Uni stuff\Year 3\Comp 3016\CourseWork\3016-CW1\CW1-3016\CW1-3016\CW1-3016.cpp(713,40): warning C4244: '=': conversion from 'int' to 'float', possible loss of data
C:\Uni stuff\Year 3\Comp 3016\CourseWork\3016-CW1\CW1-3016\CW1-3016\CW1-3016.cpp(713,69): warning C4244: '=': conversion from 'int' to 'float', possible loss of data
C:\Uni stuff\Year 3\Comp 3016\CourseWork\3016-CW1\CW1-3016\CW1-3016\CW1-3016.cpp(713,90): warning C4244: '=': conversion from 'int' to 'float', possible loss of data
C:\Uni stuff\Year 3\Comp 3016\CourseWork\3016-CW1\CW1-3016\CW1-3016\CW1-3016.cpp(715,50): warning C4244: '=': conversion from 'int' to 'float', possible loss of data
C:\Uni stuff\Year 3\Comp 3016\CourseWork\3016-CW1\CW1-3016\CW1-3016\CW1-3016.cpp(715,68): warning C4244: '=': conversion from 'int' to 'float', possible loss of data
C:\Uni stuff\Year 3\Comp 3016\CourseWork\3016-CW1\CW1-3016\CW1-3016\CW1-3016.cpp(717,21): warning C4244: '=': conversion from 'int' to 'float', possible loss of data
C:\Uni stuff\Year 3\Comp 3016\CourseWork\3016-CW1\CW1-3016\CW1-3016\CW1-3016.cpp(717,66): warning C4244: '=': conversion from 'int' to 'float', possible loss of data
C:\Uni stuff\Year 3\Comp 3016\CourseWork\3016-CW1\CW1-3016\CW1-3016\CW1-3016.cpp(717,86): warning C4244: '=': conversion from 'int' to 'float', possible loss of data
C:\Uni stuff\Year 3\Comp 3016\CourseWork\3016-CW1\CW1-3016\CW1-3016\CW1-3016.cpp(732,20): warning C4244: '=': conversion from 'int' to 'float', possible loss of data
C:\Uni stuff\Year 3\Comp 3016\CourseWork\3016-CW1\CW1-3016\CW1-3016\CW1-3016.cpp(732,47): warning C4244: '=': conversion from 'int' to 'float', possible loss of data
C:\Uni stuff\Year 3\Comp 3016\CourseWork\3016-CW1\CW1-3016\CW1-3016\CW1-3016.cpp(732,93): warning C4244: '=': conversion from 'int' to 'float', possible loss of data
C:\Uni stuff\Year 3\Comp 3016\CourseWork\3016-CW1\CW1-3016\CW1-3016\CW1-3016.cpp(732,133): warning C4244: '=': conversion from 'int' to 'float', possible loss of data
C:\Uni stuff\Year 3\Comp 3016\CourseWork\3016-CW1\CW1-3016\CW1-3016\CW1-3016.cpp(738,20): warning C4244: '=': conversion from 'int' to 'float', possible loss of data
C:\Uni stuff\Year 3\Comp 3016\CourseWork\3016-CW1\CW1-3016\CW1-3016\CW1-3016.cpp(738,47): warning C4244: '=': conversion from 'int' to 'float', possible loss of data
C:\Uni stuff\Year 3\Comp 3016\CourseWork\3016-CW1\CW1-3016\CW1-3016\CW1-3016.cpp(741,35): warning C4244: '=': conversion from 'int' to 'float', possible loss of data
C:\Uni stuff\Year 3\Comp 3016\CourseWork\3016-CW1\CW1-3016\CW1-3016\CW1-3016.cpp(748,43): warning C4244: '=': conversion from 'int' to 'float', possible loss of data
C:\Uni stuff\Year 3\Comp 3016\CourseWork\3016-CW1\CW1-3016\CW1-3016\CW1-3016.cpp(757,47): warning C4244: '=': conversion from 'int' to 'float', possible loss of data
C:\Uni stuff\Year 3\Comp 3016\CourseWork\3016-CW1\CW1-3016\CW1-3016\CW1-3016.cpp(765,43): warning C4244: '=': conversion from 'int' to 'float', possible loss of data
C:\Uni stuff\Year 3\Comp 3016\CourseWork\3016-CW1\CW1-3016\CW1-3016\CW1-3016.cpp(798,20): warning C4244: '=': conversion from 'int' to 'float', possible loss of data
C:\Uni stuff\Year 3\Comp 3016\CourseWork\3016-CW1\CW1-3016\CW1-3016\CW1-3016.cpp(798,47): warning C4244: '=': conversion from 'int' to 'float', possible loss of data
C:\Uni stuff\Year 3\Comp 3016\CourseWork\3016-CW1\CW1-3016\CW1-3016\CW1-3016.cpp(798,93): warning C4244: '=': conversion from 'int' to 'float', possible loss of data
C:\Uni stuff\Year 3\Comp 3016\CourseWork\3016-CW1\CW1-3016\CW1-3016\CW1-3016.cpp(798,133): warning C4244: '=': conversion from 'int' to 'float', possible loss of data
C:\Uni stuff\Year 3\Comp 3016\CourseWork\3016-CW1\CW1-3016\CW1-3016\CW1-3016.cpp(813,20): warning C4244: '=': conversion from 'int' to 'float', possible loss of data
C:\Uni stuff\Year 3\Comp 3016\CourseWork\3016-CW1\CW1-3016\CW1-3016\CW1-3016.cpp(813,47): warning C4244: '=': conversion from 'int' to 'float', possible loss of data
C:\Uni stuff\Year 3\Comp 3016\CourseWork\3016-CW1\CW1-3016\CW1-3016\CW1-3016.cpp(816,35): warning C4244: '=': conversion from 'int' to 'float', possible loss of data
C:\Uni stuff\Year 3\Comp 3016\CourseWork\3016-CW1\CW1-3016\CW1-3016\CW1-3016.cpp(823,43): warning C4244: '=': conversion from 'int' to 'float', possible loss of data
C:\Uni stuff\Year 3\Comp 3016\CourseWork\3016-CW1\CW1-3016\CW1-3016\CW1-3016.cpp(831,43): warning C4244: '=': conversion from 'int' to 'float', possible loss of data
C:\Uni stuff\Year 3\Comp 3016\CourseWork\3016-CW1\CW1-3016\CW1-3016\CW1-3016.cpp(864,20): warning C4244: '=': conversion from 'int' to 'float', possible loss of data
C:\Uni stuff\Year 3\Comp 3016\CourseWork\3016-CW1\CW1-3016\CW1-3016\CW1-3016.cpp(864,47): warning C4244: '=': conversion from 'int' to 'float', possible loss of data
C:\Uni stuff\Year 3\Comp 3016\CourseWork\3016-CW1\CW1-3016\CW1-3016\CW1-3016.cpp(864,93): warning C4244: '=': conversion from 'int' to 'float', possible loss of data
C:\Uni stuff\Year 3\Comp 3016\CourseWork\3016-CW1\CW1-3016\CW1-3016\CW1-3016.cpp(864,133): warning C4244: '=': conversion from 'int' to 'float', possible loss of data
C:\Uni stuff\Year 3\Comp 3016\CourseWork\3016-CW1\CW1-3016\CW1-3016\CW1-3016.cpp(872,20): warning C4244: '=': conversion from 'int' to 'float', possible loss of data
C:\Uni stuff\Year 3\Comp 3016\CourseWork\3016-CW1\CW1-3016\CW1-3016\CW1-3016.cpp(872,47): warning C4244: '=': conversion from 'int' to 'float', possible loss of data
C:\Uni stuff\Year 3\Comp 3016\CourseWork\3016-CW1\CW1-3016\CW1-3016\CW1-3016.cpp(875,35): warning C4244: '=': conversion from 'int' to 'float', possible loss of data
C:\Uni stuff\Year 3\Comp 3016\CourseWork\3016-CW1\CW1-3016\CW1-3016\CW1-3016.cpp(882,43): warning C4244: '=': conversion from 'int' to 'float', possible loss of data
C:\Uni stuff\Year 3\Comp 3016\CourseWork\3016-CW1\CW1-3016\CW1-3016\CW1-3016.cpp(891,47): warning C4244: '=': conversion from 'int' to 'float', possible loss of data
C:\Uni stuff\Year 3\Comp 3016\CourseWork\3016-CW1\CW1-3016\CW1-3016\CW1-3016.cpp(901,43): warning C4244: '=': conversion from 'int' to 'float', possible loss of data
C:\Uni stuff\Year 3\Comp 3016\CourseWork\3016-CW1\CW1-3016\CW1-3016\CW1-3016.cpp(936,20): warning C4244: '=': conversion from 'int' to 'float', possible loss of data
C:\Uni stuff\Year 3\Comp 3016\CourseWork\3016-CW1\CW1-3016\CW1-3016\CW1-3016.cpp(936,48): warning C4244: '=': conversion from 'int' to 'float', possible loss of data
C:\Uni stuff\Year 3\Comp 3016\CourseWork\3016-CW1\CW1-3016\CW1-3016\CW1-3016.cpp(936,75): warning C4244: '=': conversion from 'int' to 'float', possible loss of data
C:\Uni stuff\Year 3\Comp 3016\CourseWork\3016-CW1\CW1-3016\CW1-3016\CW1-3016.cpp(936,104): warning C4244: '=': conversion from 'int' to 'float', possible loss of data
C:\Uni stuff\Year 3\Comp 3016\CourseWork\3016-CW1\CW1-3016\CW1-3016\CW1-3016.cpp(942,33): warning C4244: '=': conversion from 'int' to 'float', possible loss of data
C:\Uni stuff\Year 3\Comp 3016\CourseWork\3016-CW1\CW1-3016\CW1-3016\CW1-3016.cpp(942,63): warning C4244: '=': conversion from 'int' to 'float', possible loss of data
C:\Uni stuff\Year 3\Comp 3016\CourseWork\3016-CW1\CW1-3016\CW1-3016\CW1-3016.cpp(942,95): warning C4244: '=': conversion from 'int' to 'float', possible loss of data
C:\Uni stuff\Year 3\Comp 3016\CourseWork\3016-CW1\CW1-3016\CW1-3016\CW1-3016.cpp(942,128): warning C4244: '=': conversion from 'int' to 'float', possible loss of data
C:\Uni stuff\Year 3\Comp 3016\CourseWork\3016-CW1\CW1-3016\CW1-3016\CW1-3016.cpp(946,38): warning C4244: '=': conversion from 'int' to 'float', possible loss of data
C:\Uni stuff\Year 3\Comp 3016\CourseWork\3016-CW1\CW1-3016\CW1-3016\CW1-3016.cpp(946,85): warning C4244: '=': conversion from 'int' to 'float', possible loss of data
C:\Uni stuff\Year 3\Comp 3016\CourseWork\3016-CW1\CW1-3016\CW1-3016\CW1-3016.cpp(946,116): warning C4244: '=': conversion from 'int' to 'float', possible loss of data
C:\Uni stuff\Year 3\Comp 3016\CourseWork\3016-CW1\CW1-3016\CW1-3016\CW1-3016.cpp(946,149): warning C4244: '=': conversion from 'int' to 'float', possible loss of data
C:\Uni stuff\Year 3\Comp 3016\CourseWork\3016-CW1\CW1-3016\CW1-3016\CW1-3016.cpp(961,37): warning C4244: '=': conversion from 'int' to 'float', possible loss of data
C:\Uni stuff\Year 3\Comp 3016\CourseWork\3016-CW1\CW1-3016\CW1-3016\CW1-3016.cpp(961,96): warning C4244: '=': conversion from 'int' to 'float', possible loss of data
C:\Uni stuff\Year 3\Comp 3016\CourseWork\3016-CW1\CW1-3016\CW1-3016\CW1-3016.cpp(961,142): warning C4244: '=': conversion from 'int' to 'float', possible loss of data
C:\Uni stuff\Year 3\Comp 3016\CourseWork\3016-CW1\CW1-3016\CW1-3016\CW1-3016.cpp(961,171): warning C4244: '=': conversion from 'int' to 'float', possible loss of data
C:\Uni stuff\Year 3\Comp 3016\CourseWork\3016-CW1\CW1-3016\CW1-3016\CW1-3016.cpp(971,20): warning C4244: '=': conversion from 'int' to 'float', possible loss of data
C:\Uni stuff\Year 3\Comp 3016\CourseWork\3016-CW1\CW1-3016\CW1-3016\CW1-3016.cpp(971,44): warning C4244: '=': conversion from 'int' to 'float', possible loss of data
C:\Uni stuff\Year 3\Comp 3016\CourseWork\3016-CW1\CW1-3016\CW1-3016\CW1-3016.cpp(971,71): warning C4244: '=': conversion from 'int' to 'float', possible loss of data
C:\Uni stuff\Year 3\Comp 3016\CourseWork\3016-CW1\CW1-3016\CW1-3016\CW1-3016.cpp(971,100): warning C4244: '=': conversion from 'int' to 'float', possible loss of data
C:\Uni stuff\Year 3\Comp 3016\CourseWork\3016-CW1\CW1-3016\CW1-3016\CW1-3016.cpp(976,29): warning C4244: '=': conversion from 'int' to 'float', possible loss of data
C:\Uni stuff\Year 3\Comp 3016\CourseWork\3016-CW1\CW1-3016\CW1-3016\CW1-3016.cpp(976,59): warning C4244: '=': conversion from 'int' to 'float', possible loss of data
C:\Uni stuff\Year 3\Comp 3016\CourseWork\3016-CW1\CW1-3016\CW1-3016\CW1-3016.cpp(976,91): warning C4244: '=': conversion from 'int' to 'float', possible loss of data
C:\Uni stuff\Year 3\Comp 3016\CourseWork\3016-CW1\CW1-3016\CW1-3016\CW1-3016.cpp(976,124): warning C4244: '=': conversion from 'int' to 'float', possible loss of data
C:\Uni stuff\Year 3\Comp 3016\CourseWork\3016-CW1\CW1-3016\CW1-3016\CW1-3016.cpp(980,38): warning C4244: '=': conversion from 'int' to 'float', possible loss of data
C:\Uni stuff\Year 3\Comp 3016\CourseWork\3016-CW1\CW1-3016\CW1-3016\CW1-3016.cpp(980,81): warning C4244: '=': conversion from 'int' to 'float', possible loss of data
C:\Uni stuff\Year 3\Comp 3016\CourseWork\3016-CW1\CW1-3016\CW1-3016\CW1-3016.cpp(980,112): warning C4244: '=': conversion from 'int' to 'float', possible loss of data
C:\Uni stuff\Year 3\Comp 3016\CourseWork\3016-CW1\CW1-3016\CW1-3016\CW1-3016.cpp(980,145): warning C4244: '=': conversion from 'int' to 'float', possible loss of data
C:\Uni stuff\Year 3\Comp 3016\CourseWork\3016-CW1\CW1-3016\CW1-3016\CW1-3016.cpp(995,33): warning C4244: '=': conversion from 'int' to 'float', possible loss of data
C:\Uni stuff\Year 3\Comp 3016\CourseWork\3016-CW1\CW1-3016\CW1-3016\CW1-3016.cpp(995,91): warning C4244: '=': conversion from 'int' to 'float', possible loss of data
C:\Uni stuff\Year 3\Comp 3016\CourseWork\3016-CW1\CW1-3016\CW1-3016\CW1-3016.cpp(995,133): warning C4244: '=': conversion from 'int' to 'float', possible loss of data
C:\Uni stuff\Year 3\Comp 3016\CourseWork\3016-CW1\CW1-3016\CW1-3016\CW1-3016.cpp(995,162): warning C4244: '=': conversion from 'int' to 'float', possible loss of data
C:\Uni stuff\Year 3\Comp 3016\CourseWork\3016-CW1\CW1-3016\CW1-3016\CW1-3016.cpp(1006,34): warning C4244: '=': conversion from 'int' to 'float', possible loss of data
C:\Uni stuff\Year 3\Comp 3016\CourseWork\3016-CW1\CW1-3016\CW1-3016\CW1-3016.cpp(1006,106): warning C4244: '=': conversion from 'int' to 'float', possible loss of data
C:\Uni stuff\Year 3\Comp 3016\CourseWork\3016-CW1\CW1-3016\CW1-3016\CW1-3016.cpp(1006,139): warning C4244: '=': conversion from 'int' to 'float', possible loss of data
C:\Uni stuff\Year 3\Comp 3016\CourseWork\3016-CW1\CW1-3016\CW1-3016\CW1-3016.cpp(1099,22): warning C4244: '=': conversion from 'int' to 'float', possible loss of data
C:\Uni stuff\Year 3\Comp 3016\CourseWork\3016-CW1\CW1-3016\CW1-3016\CW1-3016.cpp(1099,47): warning C4244: '=': conversion from 'int' to 'float', possible loss of data
C:\Uni stuff\Year 3\Comp 3016\CourseWork\3016-CW1\CW1-3016\CW1-3016\CW1-3016.cpp(1099,78): warning C4244: '=': conversion from 'int' to 'float', possible loss of data
C:\Uni stuff\Year 3\Comp 3016\CourseWork\3016-CW1\CW1-3016\CW1-3016\CW1-3016.cpp(1099,126): warning C4244: '=': conversion from 'int' to 'float', possible loss of data
C:\Uni stuff\Year 3\Comp 3016\CourseWork\3016-CW1\CW1-3016\CW1-3016\CW1-3016.cpp(1100,26): warning C4244: '=': conversion from 'float' to 'int', possible loss of data
C:\Uni stuff\Year 3\Comp 3016\CourseWork\3016-CW1\CW1-3016\CW1-3016\CW1-3016.cpp(1100,51): warning C4244: '=': conversion from 'float' to 'int', possible loss of data
C:\Uni stuff\Year 3\Comp 3016\CourseWork\3016-CW1\CW1-3016\CW1-3016\CW1-3016.cpp(1100,76): warning C4244: '=': conversion from 'float' to 'int', possible loss of data
C:\Uni stuff\Year 3\Comp 3016\CourseWork\3016-CW1\CW1-3016\CW1-3016\CW1-3016.cpp(1100,101): warning C4244: '=': conversion from 'float' to 'int', possible loss of data
C:\Uni stuff\Year 3\Comp 3016\CourseWork\3016-CW1\CW1-3016\CW1-3016\CW1-3016.cpp(1106,49): warning C4244: '=': conversion from 'int' to 'float', possible loss of data
C:\Uni stuff\Year 3\Comp 3016\CourseWork\3016-CW1\CW1-3016\CW1-3016\CW1-3016.cpp(1107,26): warning C4244: '=': conversion from 'int' to 'float', possible loss of data
C:\Uni stuff\Year 3\Comp 3016\CourseWork\3016-CW1\CW1-3016\CW1-3016\CW1-3016.cpp(1108,25): warning C4244: '=': conversion from 'int' to 'float', possible loss of data
C:\Uni stuff\Year 3\Comp 3016\CourseWork\3016-CW1\CW1-3016\CW1-3016\CW1-3016.cpp(1109,46): warning C4244: '=': conversion from 'int' to 'float', possible loss of data
C:\Uni stuff\Year 3\Comp 3016\CourseWork\3016-CW1\CW1-3016\CW1-3016\CW1-3016.cpp(1111,30): warning C4244: '=': conversion from 'float' to 'int', possible loss of data
C:\Uni stuff\Year 3\Comp 3016\CourseWork\3016-CW1\CW1-3016\CW1-3016\CW1-3016.cpp(1111,55): warning C4244: '=': conversion from 'float' to 'int', possible loss of data
C:\Uni stuff\Year 3\Comp 3016\CourseWork\3016-CW1\CW1-3016\CW1-3016\CW1-3016.cpp(1111,80): warning C4244: '=': conversion from 'float' to 'int', possible loss of data
C:\Uni stuff\Year 3\Comp 3016\CourseWork\3016-CW1\CW1-3016\CW1-3016\CW1-3016.cpp(1111,105): warning C4244: '=': conversion from 'float' to 'int', possible loss of data
C:\Uni stuff\Year 3\Comp 3016\CourseWork\3016-CW1\CW1-3016\CW1-3016\CW1-3016.cpp(1117,15): warning C4101: 'OptionSquare': unreferenced local variable
C:\Uni stuff\Year 3\Comp 3016\CourseWork\3016-CW1\CW1-3016\CW1-3016\CW1-3016.cpp(1200,38): warning C4244: 'argument': conversion from 'int' to 'float', possible loss of data
C:\Uni stuff\Year 3\Comp 3016\CourseWork\3016-CW1\CW1-3016\CW1-3016\CW1-3016.cpp(1205,43): warning C4244: 'argument': conversion from 'int' to 'float', possible loss of data
C:\Uni stuff\Year 3\Comp 3016\CourseWork\3016-CW1\CW1-3016\CW1-3016\CW1-3016.cpp(1263,51): warning C4244: 'argument': conversion from 'float' to 'int', possible loss of data
C:\Uni stuff\Year 3\Comp 3016\CourseWork\3016-CW1\CW1-3016\CW1-3016\CW1-3016.cpp(1263,43): warning C4244: 'argument': conversion from 'float' to 'int', possible loss of data
C:\Uni stuff\Year 3\Comp 3016\CourseWork\3016-CW1\CW1-3016\CW1-3016\CW1-3016.cpp(1301,77): warning C4244: 'argument': conversion from 'float' to 'int', possible loss of data
C:\Uni stuff\Year 3\Comp 3016\CourseWork\3016-CW1\CW1-3016\CW1-3016\CW1-3016.cpp(1301,69): warning C4244: 'argument': conversion from 'float' to 'int', possible loss of data
C:\Uni stuff\Year 3\Comp 3016\CourseWork\3016-CW1\CW1-3016\CW1-3016\CW1-3016.cpp(1304,76): warning C4244: 'argument': conversion from 'float' to 'int', possible loss of data
C:\Uni stuff\Year 3\Comp 3016\CourseWork\3016-CW1\CW1-3016\CW1-3016\CW1-3016.cpp(1304,68): warning C4244: 'argument': conversion from 'float' to 'int', possible loss of data
C:\Uni stuff\Year 3\Comp 3016\CourseWork\3016-CW1\CW1-3016\CW1-3016\CW1-3016.cpp(1369,71): warning C4244: 'argument': conversion from 'float' to 'int', possible loss of data
C:\Uni stuff\Year 3\Comp 3016\CourseWork\3016-CW1\CW1-3016\CW1-3016\CW1-3016.cpp(1369,63): warning C4244: 'argument': conversion from 'float' to 'int', possible loss of data
C:\Uni stuff\Year 3\Comp 3016\CourseWork\3016-CW1\CW1-3016\CW1-3016\CW1-3016.cpp(666,1): warning C4715: 'Combat::DoCombat': not all control paths return a value
  CW1-3016.vcxproj -> C:\Uni stuff\Year 3\Comp 3016\CourseWork\3016-CW1\CW1-3016\x64\Debug\CW1-3016.exe
